\BOOKMARK [0][-]{dummy.1}{\376\377\000D\000e\000c\000l\000a\000r\000a\000t\000i\000o\000n}{}% 1
\BOOKMARK [0][-]{dummy.2}{\376\377\000R\000e\000s\000e\000a\000r\000c\000h\000\040\000C\000o\000m\000p\000l\000e\000t\000i\000o\000n\000\040\000C\000e\000r\000t\000i\000f\000i\000c\000a\000t\000e}{}% 2
\BOOKMARK [0][-]{dummy.3}{\376\377\000A\000c\000k\000n\000o\000w\000l\000e\000d\000g\000e\000m\000e\000n\000t\000s}{}% 3
\BOOKMARK [0][-]{dummy.4}{\376\377\000D\000e\000d\000i\000c\000a\000t\000i\000o\000n}{}% 4
\BOOKMARK [0][-]{dummy.5}{\376\377\000A\000b\000s\000t\000r\000a\000c\000t}{}% 5
\BOOKMARK [0][-]{dummy.6}{\376\377\000C\000o\000n\000t\000e\000n\000t\000s}{}% 6
\BOOKMARK [0][-]{dummy.8}{\376\377\000L\000i\000s\000t\000\040\000o\000f\000\040\000T\000a\000b\000l\000e\000s}{}% 7
\BOOKMARK [0][-]{dummy.10}{\376\377\000L\000i\000s\000t\000\040\000o\000f\000\040\000F\000i\000g\000u\000r\000e\000s}{}% 8
\BOOKMARK [0][-]{dummy.12}{\376\377\000A\000b\000b\000r\000e\000v\000i\000a\000t\000i\000o\000n\000s}{}% 9
\BOOKMARK [0][-]{chapter.14}{\376\377\0001\000\040\000I\000n\000t\000r\000o\000d\000u\000c\000t\000i\000o\000n}{}% 10
\BOOKMARK [1][-]{section.15}{\376\377\0001\000.\0001\000\040\000B\000a\000c\000k\000g\000r\000o\000u\000n\000d}{chapter.14}% 11
\BOOKMARK [1][-]{section.16}{\376\377\0001\000.\0002\000\040\000P\000r\000o\000b\000l\000e\000m\000\040\000S\000t\000a\000t\000e\000m\000e\000n\000t}{chapter.14}% 12
\BOOKMARK [1][-]{section.21}{\376\377\0001\000.\0003\000\040\000O\000b\000j\000e\000c\000t\000i\000v\000e\000s}{chapter.14}% 13
\BOOKMARK [1][-]{section.30}{\376\377\0001\000.\0004\000\040\000S\000c\000o\000p\000e\000\040\000o\000f\000\040\000t\000h\000e\000\040\000P\000r\000o\000j\000e\000c\000t}{chapter.14}% 14
\BOOKMARK [1][-]{section.32}{\376\377\0001\000.\0005\000\040\000F\000u\000n\000c\000t\000i\000o\000n\000a\000l\000\040\000R\000e\000q\000u\000i\000r\000e\000m\000e\000n\000t\000s}{chapter.14}% 15
\BOOKMARK [1][-]{section.34}{\376\377\0001\000.\0006\000\040\000N\000o\000n\000-\000F\000u\000n\000c\000t\000i\000o\000n\000a\000l\000\040\000R\000e\000q\000u\000i\000r\000e\000m\000e\000n\000t\000s}{chapter.14}% 16
\BOOKMARK [1][-]{section.36}{\376\377\0001\000.\0007\000\040\000C\000h\000a\000p\000t\000e\000r\000\040\000O\000r\000g\000a\000n\000i\000s\000a\000t\000i\000o\000n}{chapter.14}% 17
\BOOKMARK [0][-]{chapter.38}{\376\377\0002\000\040\000L\000i\000t\000e\000r\000a\000t\000u\000r\000e\000\040\000R\000e\000v\000i\000e\000w}{}% 18
\BOOKMARK [1][-]{section.39}{\376\377\0002\000.\0001\000\040\000I\000n\000t\000r\000o\000d\000u\000c\000t\000i\000o\000n}{chapter.38}% 19
\BOOKMARK [1][-]{section.40}{\376\377\0002\000.\0002\000\040\000E\000x\000i\000s\000t\000i\000n\000g\000\040\000F\000r\000e\000e\000l\000a\000n\000c\000e\000\040\000M\000a\000r\000k\000e\000t\000p\000l\000a\000c\000e\000\040\000P\000l\000a\000t\000f\000o\000r\000m\000s}{chapter.38}% 20
\BOOKMARK [2][-]{subsection.41}{\376\377\0002\000.\0002\000.\0001\000\040\000U\000p\000w\000o\000r\000k}{section.40}% 21
\BOOKMARK [2][-]{subsection.42}{\376\377\0002\000.\0002\000.\0002\000\040\000F\000i\000v\000e\000r\000r}{section.40}% 22
\BOOKMARK [2][-]{subsection.43}{\376\377\0002\000.\0002\000.\0003\000\040\000F\000r\000e\000e\000l\000a\000n\000c\000e\000r\000.\000c\000o\000m}{section.40}% 23
\BOOKMARK [2][-]{subsection.44}{\376\377\0002\000.\0002\000.\0004\000\040\000C\000o\000m\000p\000a\000r\000a\000t\000i\000v\000e\000\040\000A\000n\000a\000l\000y\000s\000i\000s}{section.40}% 24
\BOOKMARK [1][-]{section.46}{\376\377\0002\000.\0003\000\040\000A\000r\000t\000i\000f\000i\000c\000i\000a\000l\000\040\000I\000n\000t\000e\000l\000l\000i\000g\000e\000n\000c\000e\000\040\000i\000n\000\040\000H\000i\000r\000i\000n\000g\000\040\000P\000l\000a\000t\000f\000o\000r\000m\000s}{chapter.38}% 25
\BOOKMARK [2][-]{subsection.47}{\376\377\0002\000.\0003\000.\0001\000\040\000A\000I\000-\000A\000s\000s\000i\000s\000t\000e\000d\000\040\000M\000a\000t\000c\000h\000i\000n\000g\000\040\000a\000n\000d\000\040\000R\000e\000c\000o\000m\000m\000e\000n\000d\000a\000t\000i\000o\000n}{section.46}% 26
\BOOKMARK [2][-]{subsection.48}{\376\377\0002\000.\0003\000.\0002\000\040\000L\000a\000r\000g\000e\000\040\000L\000a\000n\000g\000u\000a\000g\000e\000\040\000M\000o\000d\000e\000l\000s\000\040\000f\000o\000r\000\040\000R\000e\000q\000u\000i\000r\000e\000m\000e\000n\000t\000\040\000E\000n\000g\000i\000n\000e\000e\000r\000i\000n\000g}{section.46}% 27
\BOOKMARK [2][-]{subsection.49}{\376\377\0002\000.\0003\000.\0003\000\040\000A\000I\000\040\000f\000o\000r\000\040\000F\000r\000a\000u\000d\000\040\000a\000n\000d\000\040\000Q\000u\000a\000l\000i\000t\000y\000\040\000C\000o\000n\000t\000r\000o\000l}{section.46}% 28
\BOOKMARK [1][-]{section.50}{\376\377\0002\000.\0004\000\040\000T\000o\000k\000e\000n\000\040\000E\000c\000o\000n\000o\000m\000i\000e\000s\000\040\000a\000n\000d\000\040\000G\000a\000m\000i\000f\000i\000c\000a\000t\000i\000o\000n}{chapter.38}% 29
\BOOKMARK [2][-]{subsection.51}{\376\377\0002\000.\0004\000.\0001\000\040\000T\000o\000k\000e\000n\000-\000B\000a\000s\000e\000d\000\040\000I\000n\000c\000e\000n\000t\000i\000v\000e\000\040\000S\000y\000s\000t\000e\000m\000s}{section.50}% 30
\BOOKMARK [2][-]{subsection.52}{\376\377\0002\000.\0004\000.\0002\000\040\000G\000a\000m\000i\000f\000i\000c\000a\000t\000i\000o\000n\000\040\000i\000n\000\040\000D\000i\000g\000i\000t\000a\000l\000\040\000P\000l\000a\000t\000f\000o\000r\000m\000s}{section.50}% 31
\BOOKMARK [1][-]{section.53}{\376\377\0002\000.\0005\000\040\000T\000r\000u\000s\000t\000,\000\040\000R\000e\000p\000u\000t\000a\000t\000i\000o\000n\000,\000\040\000a\000n\000d\000\040\000B\000l\000i\000n\000d\000\040\000R\000e\000v\000i\000e\000w\000\040\000S\000y\000s\000t\000e\000m\000s}{chapter.38}% 32
\BOOKMARK [2][-]{subsection.54}{\376\377\0002\000.\0005\000.\0001\000\040\000O\000n\000l\000i\000n\000e\000\040\000R\000e\000p\000u\000t\000a\000t\000i\000o\000n\000\040\000S\000y\000s\000t\000e\000m\000s}{section.53}% 33
\BOOKMARK [2][-]{subsection.55}{\376\377\0002\000.\0005\000.\0002\000\040\000B\000l\000i\000n\000d\000\040\000R\000e\000v\000i\000e\000w\000\040\000M\000e\000c\000h\000a\000n\000i\000s\000m\000s}{section.53}% 34
\BOOKMARK [1][-]{section.56}{\376\377\0002\000.\0006\000\040\000S\000u\000m\000m\000a\000r\000y}{chapter.38}% 35
\BOOKMARK [0][-]{chapter.57}{\376\377\0003\000\040\000S\000y\000s\000t\000e\000m\000\040\000D\000e\000s\000i\000g\000n\000\040\000\046\000\040\000A\000r\000c\000h\000i\000t\000e\000c\000t\000u\000r\000e}{}% 36
\BOOKMARK [1][-]{section.58}{\376\377\0003\000.\0001\000\040\000S\000y\000s\000t\000e\000m\000\040\000O\000v\000e\000r\000v\000i\000e\000w}{chapter.57}% 37
\BOOKMARK [1][-]{section.62}{\376\377\0003\000.\0002\000\040\000D\000a\000t\000a\000\040\000F\000l\000o\000w\000\040\000D\000i\000a\000g\000r\000a\000m\000s}{chapter.57}% 38
\BOOKMARK [2][-]{subsection.63}{\376\377\0003\000.\0002\000.\0001\000\040\000D\000F\000D\000\040\000L\000e\000v\000e\000l\000\040\0000\000\040\040\024\000\040\000C\000o\000n\000t\000e\000x\000t\000\040\000D\000i\000a\000g\000r\000a\000m}{section.62}% 39
\BOOKMARK [2][-]{subsection.65}{\376\377\0003\000.\0002\000.\0002\000\040\000D\000F\000D\000\040\000L\000e\000v\000e\000l\000\040\0001\000\040\040\024\000\040\000S\000y\000s\000t\000e\000m\000\040\000D\000e\000c\000o\000m\000p\000o\000s\000i\000t\000i\000o\000n}{section.62}% 40
\BOOKMARK [2][-]{subsection.67}{\376\377\0003\000.\0002\000.\0003\000\040\000D\000F\000D\000\040\000L\000e\000v\000e\000l\000\040\0002\000\040\040\024\000\040\000P\000r\000o\000j\000e\000c\000t\000\040\000\046\000\040\000A\000I\000\040\000M\000o\000d\000u\000l\000e\000\040\000\050\000P\000r\000o\000c\000e\000s\000s\000\040\0002\000.\0000\000\051}{section.62}% 41
\BOOKMARK [1][-]{section.69}{\376\377\0003\000.\0003\000\040\000T\000e\000c\000h\000n\000o\000l\000o\000g\000y\000\040\000S\000t\000a\000c\000k}{chapter.57}% 42
\BOOKMARK [1][-]{section.71}{\376\377\0003\000.\0004\000\040\000D\000a\000t\000a\000b\000a\000s\000e\000\040\000D\000e\000s\000i\000g\000n}{chapter.57}% 43
\BOOKMARK [2][-]{subsection.72}{\376\377\0003\000.\0004\000.\0001\000\040\000S\000c\000h\000e\000m\000a\000\040\000O\000v\000e\000r\000v\000i\000e\000w}{section.71}% 44
\BOOKMARK [3][-]{subsubsection.73}{\376\377\0003\000.\0004\000.\0001\000.\0001\000\040\000U\000s\000e\000r\000\040\000a\000n\000d\000\040\000R\000o\000l\000e\000\040\000A\000r\000c\000h\000i\000t\000e\000c\000t\000u\000r\000e}{subsection.72}% 45
\BOOKMARK [3][-]{subsubsection.74}{\376\377\0003\000.\0004\000.\0001\000.\0002\000\040\000P\000r\000o\000j\000e\000c\000t\000\040\000L\000i\000f\000e\000c\000y\000c\000l\000e\000\040\000S\000t\000a\000t\000u\000s\000\040\000M\000a\000c\000h\000i\000n\000e}{subsection.72}% 46
\BOOKMARK [3][-]{subsubsection.76}{\376\377\0003\000.\0004\000.\0001\000.\0003\000\040\000T\000o\000k\000e\000n\000\040\000E\000c\000o\000n\000o\000m\000y\000\040\000M\000o\000d\000e\000l\000s}{subsection.72}% 47
\BOOKMARK [1][-]{section.78}{\376\377\0003\000.\0005\000\040\000B\000a\000c\000k\000e\000n\000d\000\040\000A\000P\000I\000\040\000D\000e\000s\000i\000g\000n}{chapter.57}% 48
\BOOKMARK [2][-]{subsection.80}{\376\377\0003\000.\0005\000.\0001\000\040\000A\000u\000t\000h\000e\000n\000t\000i\000c\000a\000t\000i\000o\000n\000\040\000A\000r\000c\000h\000i\000t\000e\000c\000t\000u\000r\000e}{section.78}% 49
\BOOKMARK [1][-]{section.82}{\376\377\0003\000.\0006\000\040\000F\000r\000o\000n\000t\000e\000n\000d\000\040\000A\000r\000c\000h\000i\000t\000e\000c\000t\000u\000r\000e}{chapter.57}% 50
\BOOKMARK [0][-]{chapter.84}{\376\377\0004\000\040\000I\000m\000p\000l\000e\000m\000e\000n\000t\000a\000t\000i\000o\000n\000\040\000\046\000\040\000E\000v\000a\000l\000u\000a\000t\000i\000o\000n}{}% 51
\BOOKMARK [1][-]{section.85}{\376\377\0004\000.\0001\000\040\000D\000e\000v\000e\000l\000o\000p\000m\000e\000n\000t\000\040\000M\000e\000t\000h\000o\000d\000o\000l\000o\000g\000y}{chapter.84}% 52
\BOOKMARK [1][-]{section.87}{\376\377\0004\000.\0002\000\040\000K\000e\000y\000\040\000I\000m\000p\000l\000e\000m\000e\000n\000t\000a\000t\000i\000o\000n\000\040\000D\000e\000t\000a\000i\000l\000s}{chapter.84}% 53
\BOOKMARK [2][-]{subsection.88}{\376\377\0004\000.\0002\000.\0001\000\040\000A\000u\000t\000h\000e\000n\000t\000i\000c\000a\000t\000i\000o\000n\000\040\000S\000y\000s\000t\000e\000m}{section.87}% 54
\BOOKMARK [2][-]{subsection.89}{\376\377\0004\000.\0002\000.\0002\000\040\000S\000k\000i\000l\000l\000T\000o\000k\000e\000n\000\040\000E\000c\000o\000n\000o\000m\000y}{section.87}% 55
\BOOKMARK [2][-]{subsection.91}{\376\377\0004\000.\0002\000.\0003\000\040\000A\000I\000\040\000P\000r\000o\000j\000e\000c\000t\000\040\000S\000c\000o\000p\000i\000n\000g\000\040\000M\000o\000d\000u\000l\000e}{section.87}% 56
\BOOKMARK [2][-]{subsection.93}{\376\377\0004\000.\0002\000.\0004\000\040\000C\000o\000n\000t\000r\000a\000c\000t\000\040\000a\000n\000d\000\040\000M\000i\000l\000e\000s\000t\000o\000n\000e\000\040\000W\000o\000r\000k\000f\000l\000o\000w}{section.87}% 57
\BOOKMARK [1][-]{section.95}{\376\377\0004\000.\0003\000\040\000F\000u\000n\000c\000t\000i\000o\000n\000a\000l\000\040\000T\000e\000s\000t\000i\000n\000g}{chapter.84}% 58
\BOOKMARK [2][-]{subsection.96}{\376\377\0004\000.\0003\000.\0001\000\040\000T\000e\000s\000t\000i\000n\000g\000\040\000S\000t\000r\000a\000t\000e\000g\000y}{section.95}% 59
\BOOKMARK [2][-]{subsection.97}{\376\377\0004\000.\0003\000.\0002\000\040\000T\000e\000s\000t\000\040\000R\000e\000s\000u\000l\000t\000s\000\040\000S\000u\000m\000m\000a\000r\000y}{section.95}% 60
\BOOKMARK [1][-]{section.99}{\376\377\0004\000.\0004\000\040\000P\000e\000r\000f\000o\000r\000m\000a\000n\000c\000e\000\040\000E\000v\000a\000l\000u\000a\000t\000i\000o\000n}{chapter.84}% 61
\BOOKMARK [2][-]{subsection.101}{\376\377\0004\000.\0004\000.\0001\000\040\000U\000s\000a\000b\000i\000l\000i\000t\000y\000\040\000E\000v\000a\000l\000u\000a\000t\000i\000o\000n}{section.99}% 62
\BOOKMARK [0][-]{chapter.102}{\376\377\0005\000\040\000C\000o\000n\000c\000l\000u\000s\000i\000o\000n\000\040\000\046\000\040\000F\000u\000t\000u\000r\000e\000\040\000W\000o\000r\000k}{}% 63
\BOOKMARK [1][-]{section.103}{\376\377\0005\000.\0001\000\040\000C\000o\000n\000c\000l\000u\000s\000i\000o\000n}{chapter.102}% 64
\BOOKMARK [1][-]{section.104}{\376\377\0005\000.\0002\000\040\000L\000i\000m\000i\000t\000a\000t\000i\000o\000n\000s}{chapter.102}% 65
\BOOKMARK [1][-]{section.106}{\376\377\0005\000.\0003\000\040\000F\000u\000t\000u\000r\000e\000\040\000W\000o\000r\000k}{chapter.102}% 66
\BOOKMARK [2][-]{subsection.107}{\376\377\0005\000.\0003\000.\0001\000\040\000P\000a\000y\000m\000e\000n\000t\000\040\000G\000a\000t\000e\000w\000a\000y\000\040\000I\000n\000t\000e\000g\000r\000a\000t\000i\000o\000n}{section.106}% 67
\BOOKMARK [2][-]{subsection.108}{\376\377\0005\000.\0003\000.\0002\000\040\000M\000a\000c\000h\000i\000n\000e\000\040\000L\000e\000a\000r\000n\000i\000n\000g\000\040\000R\000e\000c\000o\000m\000m\000e\000n\000d\000a\000t\000i\000o\000n\000\040\000E\000n\000g\000i\000n\000e}{section.106}% 68
\BOOKMARK [2][-]{subsection.109}{\376\377\0005\000.\0003\000.\0003\000\040\000M\000o\000b\000i\000l\000e\000\040\000A\000p\000p\000l\000i\000c\000a\000t\000i\000o\000n}{section.106}% 69
\BOOKMARK [2][-]{subsection.110}{\376\377\0005\000.\0003\000.\0004\000\040\000A\000I\000-\000E\000n\000h\000a\000n\000c\000e\000d\000\040\000P\000r\000o\000p\000o\000s\000a\000l\000\040\000S\000h\000o\000r\000t\000l\000i\000s\000t\000i\000n\000g}{section.106}% 70
\BOOKMARK [2][-]{subsection.111}{\376\377\0005\000.\0003\000.\0005\000\040\000I\000n\000t\000e\000r\000n\000a\000t\000i\000o\000n\000a\000l\000i\000s\000a\000t\000i\000o\000n}{section.106}% 71
\BOOKMARK [1][-]{section.112}{\376\377\0005\000.\0004\000\040\000F\000i\000n\000a\000l\000\040\000R\000e\000m\000a\000r\000k\000s}{chapter.102}% 72
\BOOKMARK [0][-]{appendix.113}{\376\377\000A\000\040\000A\000P\000I\000\040\000R\000e\000f\000e\000r\000e\000n\000c\000e}{}% 73
\BOOKMARK [1][-]{section.114}{\376\377\000A\000.\0001\000\040\000A\000u\000t\000h\000e\000n\000t\000i\000c\000a\000t\000i\000o\000n\000\040\000R\000o\000u\000t\000e\000s\000\040\000\050\000/\000a\000p\000i\000/\000a\000u\000t\000h\000\051}{appendix.113}% 74
\BOOKMARK [1][-]{section.115}{\376\377\000A\000.\0002\000\040\000P\000r\000o\000j\000e\000c\000t\000\040\000R\000o\000u\000t\000e\000s\000\040\000\050\000/\000a\000p\000i\000/\000p\000r\000o\000j\000e\000c\000t\000s\000\051}{appendix.113}% 75
\BOOKMARK [1][-]{section.116}{\376\377\000A\000.\0003\000\040\000P\000r\000o\000p\000o\000s\000a\000l\000\040\000R\000o\000u\000t\000e\000s\000\040\000\050\000/\000a\000p\000i\000/\000p\000r\000o\000p\000o\000s\000a\000l\000s\000\051}{appendix.113}% 76
\BOOKMARK [1][-]{section.117}{\376\377\000A\000.\0004\000\040\000T\000o\000k\000e\000n\000\040\000R\000o\000u\000t\000e\000s\000\040\000\050\000/\000a\000p\000i\000/\000t\000o\000k\000e\000n\000s\000\051}{appendix.113}% 77
\BOOKMARK [1][-]{section.118}{\376\377\000A\000.\0005\000\040\000F\000r\000e\000e\000l\000a\000n\000c\000e\000r\000\040\000P\000r\000o\000f\000i\000l\000e\000\040\000R\000o\000u\000t\000e\000s\000\040\000\050\000/\000a\000p\000i\000/\000f\000r\000e\000e\000l\000a\000n\000c\000e\000r\000s\000\051}{appendix.113}% 78
\BOOKMARK [1][-]{section.119}{\376\377\000A\000.\0006\000\040\000A\000I\000\040\000S\000c\000o\000p\000i\000n\000g\000\040\000R\000o\000u\000t\000e\000\040\000\050\000/\000a\000p\000i\000/\000a\000i\000\051}{appendix.113}% 79
\BOOKMARK [1][-]{section.120}{\376\377\000A\000.\0007\000\040\000P\000r\000i\000s\000m\000a\000\040\000S\000c\000h\000e\000m\000a\000\040\000E\000n\000t\000i\000t\000y\000\040\000S\000u\000m\000m\000a\000r\000y}{appendix.113}% 80
\BOOKMARK [0][-]{dummy.122}{\376\377\000B\000i\000b\000l\000i\000o\000g\000r\000a\000p\000h\000y}{}% 81
