\BOOKMARK [0][-]{chapter*.1}{\376\377\000D\000e\000c\000l\000a\000r\000a\000t\000i\000o\000n}{}% 1
\BOOKMARK [0][-]{chapter*.2}{\376\377\000A\000b\000s\000t\000r\000a\000c\000t}{}% 2
\BOOKMARK [0][-]{chapter*.3}{\376\377\000A\000c\000k\000n\000o\000w\000l\000e\000d\000g\000e\000m\000e\000n\000t\000s}{}% 3
\BOOKMARK [0][-]{section*.4}{\376\377\000L\000i\000s\000t\000\040\000o\000f\000\040\000F\000i\000g\000u\000r\000e\000s}{}% 4
\BOOKMARK [0][-]{section*.5}{\376\377\000L\000i\000s\000t\000\040\000o\000f\000\040\000T\000a\000b\000l\000e\000s}{}% 5
\BOOKMARK [0][-]{chapter*.6}{\376\377\000L\000i\000s\000t\000\040\000o\000f\000\040\000A\000b\000b\000r\000e\000v\000i\000a\000t\000i\000o\000n\000s}{}% 6
\BOOKMARK [0][-]{chapter.1}{\376\377\000I\000n\000t\000r\000o\000d\000u\000c\000t\000i\000o\000n}{}% 7
\BOOKMARK [1][-]{section.1.1}{\376\377\000B\000a\000c\000k\000g\000r\000o\000u\000n\000d\000\040\000a\000n\000d\000\040\000M\000o\000t\000i\000v\000a\000t\000i\000o\000n}{chapter.1}% 8
\BOOKMARK [1][-]{section.1.2}{\376\377\000P\000r\000o\000b\000l\000e\000m\000\040\000S\000t\000a\000t\000e\000m\000e\000n\000t}{chapter.1}% 9
\BOOKMARK [1][-]{section.1.3}{\376\377\000O\000b\000j\000e\000c\000t\000i\000v\000e\000s}{chapter.1}% 10
\BOOKMARK [1][-]{section.1.4}{\376\377\000S\000c\000o\000p\000e}{chapter.1}% 11
\BOOKMARK [1][-]{section.1.5}{\376\377\000R\000e\000p\000o\000r\000t\000\040\000O\000r\000g\000a\000n\000i\000s\000a\000t\000i\000o\000n}{chapter.1}% 12
\BOOKMARK [0][-]{chapter.2}{\376\377\000L\000i\000t\000e\000r\000a\000t\000u\000r\000e\000\040\000R\000e\000v\000i\000e\000w\000\040\000a\000n\000d\000\040\000R\000e\000l\000a\000t\000e\000d\000\040\000W\000o\000r\000k}{}% 13
\BOOKMARK [1][-]{section.2.1}{\376\377\000O\000v\000e\000r\000v\000i\000e\000w}{chapter.2}% 14
\BOOKMARK [1][-]{section.2.2}{\376\377\000E\000x\000i\000s\000t\000i\000n\000g\000\040\000F\000r\000e\000e\000l\000a\000n\000c\000e\000\040\000M\000a\000r\000k\000e\000t\000p\000l\000a\000c\000e\000\040\000P\000l\000a\000t\000f\000o\000r\000m\000s}{chapter.2}% 15
\BOOKMARK [2][-]{subsection.2.2.1}{\376\377\000U\000p\000w\000o\000r\000k}{section.2.2}% 16
\BOOKMARK [2][-]{subsection.2.2.2}{\376\377\000F\000i\000v\000e\000r\000r}{section.2.2}% 17
\BOOKMARK [2][-]{subsection.2.2.3}{\376\377\000F\000r\000e\000e\000l\000a\000n\000c\000e\000r\000.\000c\000o\000m}{section.2.2}% 18
\BOOKMARK [2][-]{subsection.2.2.4}{\376\377\000T\000o\000p\000t\000a\000l}{section.2.2}% 19
\BOOKMARK [1][-]{section.2.3}{\376\377\000C\000o\000m\000p\000a\000r\000a\000t\000i\000v\000e\000\040\000A\000n\000a\000l\000y\000s\000i\000s}{chapter.2}% 20
\BOOKMARK [1][-]{section.2.4}{\376\377\000A\000c\000a\000d\000e\000m\000i\000c\000\040\000R\000e\000s\000e\000a\000r\000c\000h}{chapter.2}% 21
\BOOKMARK [2][-]{subsection.2.4.1}{\376\377\000T\000o\000k\000e\000n\000\040\000E\000c\000o\000n\000o\000m\000i\000e\000s\000\040\000i\000n\000\040\000O\000n\000l\000i\000n\000e\000\040\000P\000l\000a\000t\000f\000o\000r\000m\000s}{section.2.4}% 22
\BOOKMARK [2][-]{subsection.2.4.2}{\376\377\000A\000I\000-\000A\000s\000s\000i\000s\000t\000e\000d\000\040\000R\000e\000q\000u\000i\000r\000e\000m\000e\000n\000t\000s\000\040\000E\000n\000g\000i\000n\000e\000e\000r\000i\000n\000g}{section.2.4}% 23
\BOOKMARK [2][-]{subsection.2.4.3}{\376\377\000B\000l\000i\000n\000d\000\040\000R\000e\000v\000i\000e\000w\000\040\000S\000y\000s\000t\000e\000m\000s}{section.2.4}% 24
\BOOKMARK [2][-]{subsection.2.4.4}{\376\377\000R\000E\000S\000T\000\040\000A\000P\000I\000\040\000D\000e\000s\000i\000g\000n\000\040\000P\000r\000i\000n\000c\000i\000p\000l\000e\000s}{section.2.4}% 25
\BOOKMARK [1][-]{section.2.5}{\376\377\000I\000d\000e\000n\000t\000i\000f\000i\000e\000d\000\040\000R\000e\000s\000e\000a\000r\000c\000h\000\040\000G\000a\000p\000s}{chapter.2}% 26
\BOOKMARK [0][-]{chapter.3}{\376\377\000S\000y\000s\000t\000e\000m\000\040\000R\000e\000q\000u\000i\000r\000e\000m\000e\000n\000t\000s}{}% 27
\BOOKMARK [1][-]{section.3.1}{\376\377\000O\000v\000e\000r\000v\000i\000e\000w}{chapter.3}% 28
\BOOKMARK [1][-]{section.3.2}{\376\377\000S\000t\000a\000k\000e\000h\000o\000l\000d\000e\000r\000s}{chapter.3}% 29
\BOOKMARK [1][-]{section.3.3}{\376\377\000F\000u\000n\000c\000t\000i\000o\000n\000a\000l\000\040\000R\000e\000q\000u\000i\000r\000e\000m\000e\000n\000t\000s}{chapter.3}% 30
\BOOKMARK [2][-]{subsection.3.3.1}{\376\377\000A\000u\000t\000h\000e\000n\000t\000i\000c\000a\000t\000i\000o\000n\000\040\000a\000n\000d\000\040\000U\000s\000e\000r\000\040\000M\000a\000n\000a\000g\000e\000m\000e\000n\000t}{section.3.3}% 31
\BOOKMARK [2][-]{subsection.3.3.2}{\376\377\000C\000l\000i\000e\000n\000t\000\040\000F\000e\000a\000t\000u\000r\000e\000s}{section.3.3}% 32
\BOOKMARK [2][-]{subsection.3.3.3}{\376\377\000F\000r\000e\000e\000l\000a\000n\000c\000e\000r\000\040\000F\000e\000a\000t\000u\000r\000e\000s}{section.3.3}% 33
\BOOKMARK [2][-]{subsection.3.3.4}{\376\377\000A\000d\000m\000i\000n\000\040\000F\000e\000a\000t\000u\000r\000e\000s}{section.3.3}% 34
\BOOKMARK [2][-]{subsection.3.3.5}{\376\377\000S\000k\000i\000l\000l\000T\000o\000k\000e\000n\000\040\000E\000c\000o\000n\000o\000m\000y}{section.3.3}% 35
\BOOKMARK [2][-]{subsection.3.3.6}{\376\377\000A\000I\000\040\000F\000e\000a\000t\000u\000r\000e\000s}{section.3.3}% 36
\BOOKMARK [1][-]{section.3.4}{\376\377\000N\000o\000n\000-\000F\000u\000n\000c\000t\000i\000o\000n\000a\000l\000\040\000R\000e\000q\000u\000i\000r\000e\000m\000e\000n\000t\000s}{chapter.3}% 37
\BOOKMARK [1][-]{section.3.5}{\376\377\000U\000s\000e\000\040\000C\000a\000s\000e\000\040\000S\000u\000m\000m\000a\000r\000y}{chapter.3}% 38
\BOOKMARK [0][-]{chapter.4}{\376\377\000S\000y\000s\000t\000e\000m\000\040\000A\000r\000c\000h\000i\000t\000e\000c\000t\000u\000r\000e\000\040\000a\000n\000d\000\040\000D\000e\000s\000i\000g\000n}{}% 39
\BOOKMARK [1][-]{section.4.1}{\376\377\000A\000r\000c\000h\000i\000t\000e\000c\000t\000u\000r\000a\000l\000\040\000O\000v\000e\000r\000v\000i\000e\000w}{chapter.4}% 40
\BOOKMARK [1][-]{section.4.2}{\376\377\000T\000e\000c\000h\000n\000o\000l\000o\000g\000y\000\040\000S\000t\000a\000c\000k}{chapter.4}% 41
\BOOKMARK [2][-]{subsection.4.2.1}{\376\377\000B\000a\000c\000k\000e\000n\000d}{section.4.2}% 42
\BOOKMARK [2][-]{subsection.4.2.2}{\376\377\000F\000r\000o\000n\000t\000e\000n\000d}{section.4.2}% 43
\BOOKMARK [1][-]{section.4.3}{\376\377\000B\000a\000c\000k\000e\000n\000d\000\040\000A\000p\000p\000l\000i\000c\000a\000t\000i\000o\000n\000\040\000S\000t\000r\000u\000c\000t\000u\000r\000e}{chapter.4}% 44
\BOOKMARK [1][-]{section.4.4}{\376\377\000R\000e\000q\000u\000e\000s\000t\000\040\000L\000i\000f\000e\000c\000y\000c\000l\000e}{chapter.4}% 45
\BOOKMARK [1][-]{section.4.5}{\376\377\000F\000r\000o\000n\000t\000e\000n\000d\000\040\000A\000p\000p\000l\000i\000c\000a\000t\000i\000o\000n\000\040\000S\000t\000r\000u\000c\000t\000u\000r\000e}{chapter.4}% 46
\BOOKMARK [1][-]{section.4.6}{\376\377\000R\000o\000u\000t\000i\000n\000g\000\040\000A\000r\000c\000h\000i\000t\000e\000c\000t\000u\000r\000e}{chapter.4}% 47
\BOOKMARK [1][-]{section.4.7}{\376\377\000S\000t\000a\000t\000e\000\040\000M\000a\000n\000a\000g\000e\000m\000e\000n\000t}{chapter.4}% 48
\BOOKMARK [0][-]{chapter.5}{\376\377\000D\000a\000t\000a\000b\000a\000s\000e\000\040\000D\000e\000s\000i\000g\000n}{}% 49
\BOOKMARK [1][-]{section.5.1}{\376\377\000O\000v\000e\000r\000v\000i\000e\000w}{chapter.5}% 50
\BOOKMARK [1][-]{section.5.2}{\376\377\000E\000n\000u\000m\000e\000r\000a\000t\000i\000o\000n\000\040\000T\000y\000p\000e\000s}{chapter.5}% 51
\BOOKMARK [1][-]{section.5.3}{\376\377\000C\000o\000r\000e\000\040\000D\000a\000t\000a\000\040\000M\000o\000d\000e\000l\000s}{chapter.5}% 52
\BOOKMARK [2][-]{subsection.5.3.1}{\376\377\000U\000s\000e\000r}{section.5.3}% 53
\BOOKMARK [2][-]{subsection.5.3.2}{\376\377\000S\000e\000s\000s\000i\000o\000n}{section.5.3}% 54
\BOOKMARK [2][-]{subsection.5.3.3}{\376\377\000C\000l\000i\000e\000n\000t\000P\000r\000o\000f\000i\000l\000e\000\040\000a\000n\000d\000\040\000F\000r\000e\000e\000l\000a\000n\000c\000e\000r\000P\000r\000o\000f\000i\000l\000e}{section.5.3}% 55
\BOOKMARK [2][-]{subsection.5.3.4}{\376\377\000P\000r\000o\000j\000e\000c\000t}{section.5.3}% 56
\BOOKMARK [2][-]{subsection.5.3.5}{\376\377\000P\000r\000o\000p\000o\000s\000a\000l}{section.5.3}% 57
\BOOKMARK [2][-]{subsection.5.3.6}{\376\377\000C\000o\000n\000t\000r\000a\000c\000t\000,\000\040\000M\000i\000l\000e\000s\000t\000o\000n\000e\000,\000\040\000a\000n\000d\000\040\000P\000a\000y\000m\000e\000n\000t}{section.5.3}% 58
\BOOKMARK [2][-]{subsection.5.3.7}{\376\377\000D\000i\000s\000p\000u\000t\000e}{section.5.3}% 59
\BOOKMARK [2][-]{subsection.5.3.8}{\376\377\000R\000e\000v\000i\000e\000w}{section.5.3}% 60
\BOOKMARK [2][-]{subsection.5.3.9}{\376\377\000T\000o\000k\000e\000n\000T\000r\000a\000n\000s\000a\000c\000t\000i\000o\000n}{section.5.3}% 61
\BOOKMARK [2][-]{subsection.5.3.10}{\376\377\000A\000d\000d\000i\000t\000i\000o\000n\000a\000l\000\040\000M\000o\000d\000e\000l\000s}{section.5.3}% 62
\BOOKMARK [1][-]{section.5.4}{\376\377\000D\000a\000t\000a\000b\000a\000s\000e\000\040\000D\000e\000s\000i\000g\000n\000\040\000P\000r\000i\000n\000c\000i\000p\000l\000e\000s}{chapter.5}% 63
\BOOKMARK [0][-]{chapter.6}{\376\377\000B\000a\000c\000k\000e\000n\000d\000\040\000I\000m\000p\000l\000e\000m\000e\000n\000t\000a\000t\000i\000o\000n}{}% 64
\BOOKMARK [1][-]{section.6.1}{\376\377\000O\000v\000e\000r\000v\000i\000e\000w}{chapter.6}% 65
\BOOKMARK [1][-]{section.6.2}{\376\377\000A\000P\000I\000\040\000R\000o\000u\000t\000e\000\040\000G\000r\000o\000u\000p\000s}{chapter.6}% 66
\BOOKMARK [1][-]{section.6.3}{\376\377\000A\000u\000t\000h\000e\000n\000t\000i\000c\000a\000t\000i\000o\000n\000\040\000C\000o\000n\000t\000r\000o\000l\000l\000e\000r}{chapter.6}% 67
\BOOKMARK [1][-]{section.6.4}{\376\377\000F\000r\000e\000e\000l\000a\000n\000c\000e\000r\000\040\000O\000n\000b\000o\000a\000r\000d\000i\000n\000g\000\040\000C\000o\000n\000t\000r\000o\000l\000l\000e\000r}{chapter.6}% 68
\BOOKMARK [1][-]{section.6.5}{\376\377\000P\000r\000o\000j\000e\000c\000t\000\040\000C\000o\000n\000t\000r\000o\000l\000l\000e\000r}{chapter.6}% 69
\BOOKMARK [1][-]{section.6.6}{\376\377\000P\000r\000o\000p\000o\000s\000a\000l\000\040\000C\000o\000n\000t\000r\000o\000l\000l\000e\000r}{chapter.6}% 70
\BOOKMARK [1][-]{section.6.7}{\376\377\000M\000i\000d\000d\000l\000e\000w\000a\000r\000e\000\040\000C\000h\000a\000i\000n}{chapter.6}% 71
\BOOKMARK [2][-]{subsection.6.7.1}{\376\377\000A\000u\000t\000h\000e\000n\000t\000i\000c\000a\000t\000i\000o\000n\000\040\000M\000i\000d\000d\000l\000e\000w\000a\000r\000e}{section.6.7}% 72
\BOOKMARK [2][-]{subsection.6.7.2}{\376\377\000R\000o\000l\000e\000\040\000M\000i\000d\000d\000l\000e\000w\000a\000r\000e}{section.6.7}% 73
\BOOKMARK [2][-]{subsection.6.7.3}{\376\377\000U\000p\000l\000o\000a\000d\000\040\000M\000i\000d\000d\000l\000e\000w\000a\000r\000e}{section.6.7}% 74
\BOOKMARK [2][-]{subsection.6.7.4}{\376\377\000R\000e\000q\000u\000e\000s\000t\000\040\000L\000o\000g\000g\000e\000r}{section.6.7}% 75
\BOOKMARK [1][-]{section.6.8}{\376\377\000B\000a\000c\000k\000e\000n\000d\000\040\000D\000i\000r\000e\000c\000t\000o\000r\000y\000\040\000S\000t\000r\000u\000c\000t\000u\000r\000e}{chapter.6}% 76
\BOOKMARK [1][-]{section.6.9}{\376\377\000U\000t\000i\000l\000i\000t\000y\000\040\000M\000o\000d\000u\000l\000e\000s}{chapter.6}% 77
\BOOKMARK [1][-]{section.6.10}{\376\377\000B\000r\000o\000w\000s\000e\000\040\000M\000o\000d\000u\000l\000e}{chapter.6}% 78
\BOOKMARK [1][-]{section.6.11}{\376\377\000C\000r\000o\000n\000\040\000J\000o\000b\000s}{chapter.6}% 79
\BOOKMARK [0][-]{chapter.7}{\376\377\000F\000r\000o\000n\000t\000e\000n\000d\000\040\000I\000m\000p\000l\000e\000m\000e\000n\000t\000a\000t\000i\000o\000n}{}% 80
\BOOKMARK [1][-]{section.7.1}{\376\377\000O\000v\000e\000r\000v\000i\000e\000w}{chapter.7}% 81
\BOOKMARK [1][-]{section.7.2}{\376\377\000A\000p\000p\000l\000i\000c\000a\000t\000i\000o\000n\000\040\000E\000n\000t\000r\000y\000\040\000P\000o\000i\000n\000t}{chapter.7}% 82
\BOOKMARK [1][-]{section.7.3}{\376\377\000A\000u\000t\000h\000e\000n\000t\000i\000c\000a\000t\000i\000o\000n\000\040\000C\000o\000n\000t\000e\000x\000t}{chapter.7}% 83
\BOOKMARK [1][-]{section.7.4}{\376\377\000R\000o\000u\000t\000e\000\040\000G\000u\000a\000r\000d\000s}{chapter.7}% 84
\BOOKMARK [1][-]{section.7.5}{\376\377\000P\000a\000g\000e\000\040\000I\000n\000v\000e\000n\000t\000o\000r\000y}{chapter.7}% 85
\BOOKMARK [2][-]{subsection.7.5.1}{\376\377\000P\000u\000b\000l\000i\000c\000\040\000P\000a\000g\000e\000s}{section.7.5}% 86
\BOOKMARK [2][-]{subsection.7.5.2}{\376\377\000A\000u\000t\000h\000e\000n\000t\000i\000c\000a\000t\000i\000o\000n\000\040\000P\000a\000g\000e\000s}{section.7.5}% 87
\BOOKMARK [2][-]{subsection.7.5.3}{\376\377\000C\000l\000i\000e\000n\000t\000\040\000P\000a\000g\000e\000s}{section.7.5}% 88
\BOOKMARK [2][-]{subsection.7.5.4}{\376\377\000F\000r\000e\000e\000l\000a\000n\000c\000e\000r\000\040\000P\000a\000g\000e\000s}{section.7.5}% 89
\BOOKMARK [2][-]{subsection.7.5.5}{\376\377\000A\000d\000m\000i\000n\000\040\000P\000a\000g\000e\000s}{section.7.5}% 90
\BOOKMARK [1][-]{section.7.6}{\376\377\000F\000r\000o\000n\000t\000e\000n\000d\000\040\000D\000i\000r\000e\000c\000t\000o\000r\000y\000\040\000S\000t\000r\000u\000c\000t\000u\000r\000e}{chapter.7}% 91
\BOOKMARK [1][-]{section.7.7}{\376\377\000M\000u\000l\000t\000i\000-\000S\000t\000e\000p\000\040\000P\000r\000o\000j\000e\000c\000t\000\040\000P\000o\000s\000t\000i\000n\000g\000\040\000F\000o\000r\000m}{chapter.7}% 92
\BOOKMARK [1][-]{section.7.8}{\376\377\000F\000r\000e\000e\000l\000a\000n\000c\000e\000r\000\040\000O\000n\000b\000o\000a\000r\000d\000i\000n\000g\000\040\000F\000l\000o\000w}{chapter.7}% 93
\BOOKMARK [1][-]{section.7.9}{\376\377\000D\000e\000s\000i\000g\000n\000\040\000S\000y\000s\000t\000e\000m\000\040\000a\000n\000d\000\040\000T\000h\000e\000m\000i\000n\000g}{chapter.7}% 94
\BOOKMARK [1][-]{section.7.10}{\376\377\000S\000t\000a\000t\000e\000\040\000M\000a\000n\000a\000g\000e\000m\000e\000n\000t}{chapter.7}% 95
\BOOKMARK [0][-]{chapter.8}{\376\377\000S\000k\000i\000l\000l\000T\000o\000k\000e\000n\000\040\000E\000c\000o\000n\000o\000m\000y}{}% 96
\BOOKMARK [1][-]{section.8.1}{\376\377\000O\000v\000e\000r\000v\000i\000e\000w}{chapter.8}% 97
\BOOKMARK [1][-]{section.8.2}{\376\377\000D\000e\000s\000i\000g\000n\000\040\000R\000a\000t\000i\000o\000n\000a\000l\000e}{chapter.8}% 98
\BOOKMARK [1][-]{section.8.3}{\376\377\000T\000o\000k\000e\000n\000\040\000E\000v\000e\000n\000t\000s}{chapter.8}% 99
\BOOKMARK [1][-]{section.8.4}{\376\377\000T\000o\000k\000e\000n\000\040\000C\000o\000s\000t\000\040\000C\000a\000l\000c\000u\000l\000a\000t\000i\000o\000n}{chapter.8}% 100
\BOOKMARK [1][-]{section.8.5}{\376\377\000T\000o\000k\000e\000n\000\040\000L\000e\000d\000g\000e\000r\000\040\000M\000o\000d\000e\000l}{chapter.8}% 101
\BOOKMARK [1][-]{section.8.6}{\376\377\000F\000r\000o\000n\000t\000e\000n\000d\000\040\000T\000o\000k\000e\000n\000\040\000P\000a\000g\000e}{chapter.8}% 102
\BOOKMARK [1][-]{section.8.7}{\376\377\000A\000d\000m\000i\000n\000\040\000T\000o\000k\000e\000n\000\040\000C\000o\000n\000t\000r\000o\000l\000s}{chapter.8}% 103
\BOOKMARK [0][-]{chapter.9}{\376\377\000A\000I\000\040\000I\000n\000t\000e\000g\000r\000a\000t\000i\000o\000n}{}% 104
\BOOKMARK [1][-]{section.9.1}{\376\377\000O\000v\000e\000r\000v\000i\000e\000w}{chapter.9}% 105
\BOOKMARK [1][-]{section.9.2}{\376\377\000S\000y\000s\000t\000e\000m\000\040\000D\000e\000s\000i\000g\000n}{chapter.9}% 106
\BOOKMARK [2][-]{subsection.9.2.1}{\376\377\000R\000e\000q\000u\000e\000s\000t\000\040\000F\000l\000o\000w}{section.9.2}% 107
\BOOKMARK [2][-]{subsection.9.2.2}{\376\377\000S\000y\000s\000t\000e\000m\000\040\000P\000r\000o\000m\000p\000t\000\040\000D\000e\000s\000i\000g\000n}{section.9.2}% 108
\BOOKMARK [1][-]{section.9.3}{\376\377\000A\000i\000S\000c\000o\000p\000i\000n\000g\000S\000e\000s\000s\000i\000o\000n\000\040\000M\000o\000d\000e\000l}{chapter.9}% 109
\BOOKMARK [1][-]{section.9.4}{\376\377\000F\000r\000o\000n\000t\000e\000n\000d\000\040\000A\000I\000\040\000A\000s\000s\000i\000s\000t\000a\000n\000t\000\040\000P\000a\000g\000e}{chapter.9}% 110
\BOOKMARK [1][-]{section.9.5}{\376\377\000E\000r\000r\000o\000r\000\040\000H\000a\000n\000d\000l\000i\000n\000g\000\040\000a\000n\000d\000\040\000E\000d\000g\000e\000\040\000C\000a\000s\000e\000s}{chapter.9}% 111
\BOOKMARK [1][-]{section.9.6}{\376\377\000U\000s\000e\000\040\000o\000f\000\040\000G\000P\000T\000-\0004\000o\000\040\000M\000o\000d\000e\000l}{chapter.9}% 112
\BOOKMARK [0][-]{chapter.10}{\376\377\000S\000e\000c\000u\000r\000i\000t\000y\000\040\000a\000n\000d\000\040\000A\000u\000t\000h\000e\000n\000t\000i\000c\000a\000t\000i\000o\000n}{}% 113
\BOOKMARK [1][-]{section.10.1}{\376\377\000O\000v\000e\000r\000v\000i\000e\000w}{chapter.10}% 114
\BOOKMARK [1][-]{section.10.2}{\376\377\000P\000a\000s\000s\000w\000o\000r\000d\000\040\000S\000e\000c\000u\000r\000i\000t\000y}{chapter.10}% 115
\BOOKMARK [1][-]{section.10.3}{\376\377\000J\000W\000T\000\040\000A\000u\000t\000h\000e\000n\000t\000i\000c\000a\000t\000i\000o\000n}{chapter.10}% 116
\BOOKMARK [2][-]{subsection.10.3.1}{\376\377\000T\000o\000k\000e\000n\000\040\000R\000o\000t\000a\000t\000i\000o\000n}{section.10.3}% 117
\BOOKMARK [1][-]{section.10.4}{\376\377\000G\000o\000o\000g\000l\000e\000\040\000O\000A\000u\000t\000h\000\040\0002\000.\0000}{chapter.10}% 118
\BOOKMARK [1][-]{section.10.5}{\376\377\000O\000T\000P\000\040\000E\000m\000a\000i\000l\000\040\000V\000e\000r\000i\000f\000i\000c\000a\000t\000i\000o\000n}{chapter.10}% 119
\BOOKMARK [1][-]{section.10.6}{\376\377\000R\000o\000l\000e\000-\000B\000a\000s\000e\000d\000\040\000A\000c\000c\000e\000s\000s\000\040\000C\000o\000n\000t\000r\000o\000l\000\040\000\050\000R\000B\000A\000C\000\051}{chapter.10}% 120
\BOOKMARK [1][-]{section.10.7}{\376\377\000E\000n\000v\000i\000r\000o\000n\000m\000e\000n\000t\000\040\000V\000a\000r\000i\000a\000b\000l\000e\000\040\000S\000e\000c\000u\000r\000i\000t\000y}{chapter.10}% 121
\BOOKMARK [1][-]{section.10.8}{\376\377\000C\000O\000R\000S\000\040\000C\000o\000n\000f\000i\000g\000u\000r\000a\000t\000i\000o\000n}{chapter.10}% 122
\BOOKMARK [1][-]{section.10.9}{\376\377\000F\000i\000l\000e\000\040\000U\000p\000l\000o\000a\000d\000\040\000S\000e\000c\000u\000r\000i\000t\000y}{chapter.10}% 123
\BOOKMARK [1][-]{section.10.10}{\376\377\000X\000S\000S\000\040\000a\000n\000d\000\040\000I\000n\000j\000e\000c\000t\000i\000o\000n\000\040\000P\000r\000e\000v\000e\000n\000t\000i\000o\000n}{chapter.10}% 124
\BOOKMARK [1][-]{section.10.11}{\376\377\000A\000c\000c\000o\000u\000n\000t\000\040\000S\000e\000c\000u\000r\000i\000t\000y\000\040\000F\000e\000a\000t\000u\000r\000e\000s}{chapter.10}% 125
\BOOKMARK [0][-]{chapter.11}{\376\377\000T\000e\000s\000t\000i\000n\000g\000\040\000a\000n\000d\000\040\000V\000a\000l\000i\000d\000a\000t\000i\000o\000n}{}% 126
\BOOKMARK [1][-]{section.11.1}{\376\377\000O\000v\000e\000r\000v\000i\000e\000w}{chapter.11}% 127
\BOOKMARK [1][-]{section.11.2}{\376\377\000T\000e\000s\000t\000i\000n\000g\000\040\000S\000t\000r\000a\000t\000e\000g\000y}{chapter.11}% 128
\BOOKMARK [1][-]{section.11.3}{\376\377\000A\000P\000I\000\040\000T\000e\000s\000t\000i\000n\000g}{chapter.11}% 129
\BOOKMARK [2][-]{subsection.11.3.1}{\376\377\000A\000u\000t\000h\000e\000n\000t\000i\000c\000a\000t\000i\000o\000n\000\040\000F\000l\000o\000w\000\040\000T\000e\000s\000t\000s}{section.11.3}% 130
\BOOKMARK [2][-]{subsection.11.3.2}{\376\377\000P\000r\000o\000j\000e\000c\000t\000\040\000a\000n\000d\000\040\000P\000r\000o\000p\000o\000s\000a\000l\000\040\000T\000e\000s\000t\000s}{section.11.3}% 131
\BOOKMARK [2][-]{subsection.11.3.3}{\376\377\000T\000o\000k\000e\000n\000\040\000E\000c\000o\000n\000o\000m\000y\000\040\000T\000e\000s\000t\000s}{section.11.3}% 132
\BOOKMARK [1][-]{section.11.4}{\376\377\000D\000a\000t\000a\000\040\000S\000e\000e\000d\000i\000n\000g}{chapter.11}% 133
\BOOKMARK [1][-]{section.11.5}{\376\377\000F\000r\000o\000n\000t\000e\000n\000d\000\040\000V\000a\000l\000i\000d\000a\000t\000i\000o\000n\000\040\000T\000e\000s\000t\000i\000n\000g}{chapter.11}% 134
\BOOKMARK [1][-]{section.11.6}{\376\377\000T\000y\000p\000e\000S\000c\000r\000i\000p\000t\000\040\000T\000y\000p\000e\000\040\000S\000a\000f\000e\000t\000y}{chapter.11}% 135
\BOOKMARK [1][-]{section.11.7}{\376\377\000K\000n\000o\000w\000n\000\040\000L\000i\000m\000i\000t\000a\000t\000i\000o\000n\000s}{chapter.11}% 136
\BOOKMARK [0][-]{chapter.12}{\376\377\000C\000o\000n\000c\000l\000u\000s\000i\000o\000n\000\040\000a\000n\000d\000\040\000F\000u\000t\000u\000r\000e\000\040\000W\000o\000r\000k}{}% 137
\BOOKMARK [1][-]{section.12.1}{\376\377\000S\000u\000m\000m\000a\000r\000y}{chapter.12}% 138
\BOOKMARK [1][-]{section.12.2}{\376\377\000A\000c\000h\000i\000e\000v\000e\000m\000e\000n\000t\000s}{chapter.12}% 139
\BOOKMARK [1][-]{section.12.3}{\376\377\000L\000i\000m\000i\000t\000a\000t\000i\000o\000n\000s}{chapter.12}% 140
\BOOKMARK [1][-]{section.12.4}{\376\377\000F\000u\000t\000u\000r\000e\000\040\000W\000o\000r\000k}{chapter.12}% 141
\BOOKMARK [2][-]{subsection.12.4.1}{\376\377\000T\000e\000c\000h\000n\000i\000c\000a\000l\000\040\000E\000n\000h\000a\000n\000c\000e\000m\000e\000n\000t\000s}{section.12.4}% 142
\BOOKMARK [2][-]{subsection.12.4.2}{\376\377\000F\000e\000a\000t\000u\000r\000e\000\040\000E\000n\000h\000a\000n\000c\000e\000m\000e\000n\000t\000s}{section.12.4}% 143
\BOOKMARK [1][-]{section.12.5}{\376\377\000C\000o\000n\000c\000l\000u\000s\000i\000o\000n}{chapter.12}% 144
\BOOKMARK [0][-]{chapter*.36}{\376\377\000B\000i\000b\000l\000i\000o\000g\000r\000a\000p\000h\000y}{}% 145
\BOOKMARK [0][-]{appendix.A}{\376\377\000A\000P\000I\000\040\000E\000n\000d\000p\000o\000i\000n\000t\000\040\000R\000e\000f\000e\000r\000e\000n\000c\000e}{}% 146
\BOOKMARK [0][-]{appendix.B}{\376\377\000E\000n\000v\000i\000r\000o\000n\000m\000e\000n\000t\000\040\000V\000a\000r\000i\000a\000b\000l\000e\000s\000\040\000R\000e\000f\000e\000r\000e\000n\000c\000e}{}% 147
\BOOKMARK [0][-]{appendix.C}{\376\377\000D\000a\000t\000a\000b\000a\000s\000e\000\040\000S\000c\000h\000e\000m\000a\000\040\000Q\000u\000i\000c\000k\000\040\000R\000e\000f\000e\000r\000e\000n\000c\000e}{}% 148
